This is pdfTeX, Version 3.141592653-2.6-1.40.25 (TeX Live 2023/Debian) (preloaded format=latex 2024.8.19)  15 JAN 2025 11:21
entering extended mode
 restricted \write18 enabled.
 %&-line parsing enabled.
**taco.pdf
(./taco.pdf
LaTeX2e <2023-11-01> patch level 1
L3 programming layer <2024-01-22>
)
*help

! LaTeX Error: Missing \begin{document}.

See the LaTeX manual or LaTeX Companion for explanation.
Type  H <return>  for immediate help.
 ...                                              
                                                  
<*> h
     elp
? H
You're in trouble here.  Try typing  <return>  to proceed.
If that doesn't work, type  X <return>  to quit.
? 
Missing character: There is no h in font nullfont!
Missing character: There is no e in font nullfont!
Missing character: There is no l in font nullfont!
Missing character: There is no p in font nullfont!

*H
Missing character: There is no H in font nullfont!

*help
Missing character: There is no h in font nullfont!
Missing character: There is no e in font nullfont!
Missing character: There is no l in font nullfont!
Missing character: There is no p in font nullfont!

*H
Missing character: There is no H in font nullfont!

*
! Emergency stop.
<*> 
    
End of file on the terminal!

 
Here is how much of TeX's memory you used:
 16 strings out of 474223
 378 string characters out of 5748759
 1922972 words of memory out of 5000000
 22370 multiletter control sequences out of 15000+600000
 558069 words of font info for 36 fonts, out of 8000000 for 9000
 1141 hyphenation exceptions out of 8191
 14i,0n,18p,40b,14s stack positions out of 10000i,1000n,20000p,200000b,200000s
No pages of output.
